2022.03.04 10:48 B C:\Users\User\Desktop\superheromovies\Images\Body.jpg --> labwebs.webster.edu /cyrusbajracharya/coap2000/superheromovies/Images Body.jpg
2022.03.04 10:48 B C:\Users\User\Desktop\superheromovies\Images\choice.jpg --> labwebs.webster.edu /cyrusbajracharya/coap2000/superheromovies/Images choice.jpg
2022.03.04 10:48 B C:\Users\User\Desktop\superheromovies\Images\classroom-of-the-elite-1.jpg --> labwebs.webster.edu /cyrusbajracharya/coap2000/superheromovies/Images classroom-of-the-elite-1.jpg
2022.03.04 10:48 B C:\Users\User\Desktop\superheromovies\Images\dota.jpg --> labwebs.webster.edu /cyrusbajracharya/coap2000/superheromovies/Images dota.jpg
2022.03.04 10:48 B C:\Users\User\Desktop\superheromovies\Images\form.jpg --> labwebs.webster.edu /cyrusbajracharya/coap2000/superheromovies/Images form.jpg
2022.03.04 10:48 B C:\Users\User\Desktop\superheromovies\Images\ironman.jpg --> labwebs.webster.edu /cyrusbajracharya/coap2000/superheromovies/Images ironman.jpg
2022.03.04 10:48 B C:\Users\User\Desktop\superheromovies\Images\join.jpg --> labwebs.webster.edu /cyrusbajracharya/coap2000/superheromovies/Images join.jpg
2022.03.04 10:48 B C:\Users\User\Desktop\superheromovies\Images\Logo.jpg --> labwebs.webster.edu /cyrusbajracharya/coap2000/superheromovies/Images Logo.jpg
2022.03.04 10:48 B C:\Users\User\Desktop\superheromovies\Images\me.jpg --> labwebs.webster.edu /cyrusbajracharya/coap2000/superheromovies/Images me.jpg
2022.03.04 10:48 B C:\Users\User\Desktop\superheromovies\Images\mid01.jpg --> labwebs.webster.edu /cyrusbajracharya/coap2000/superheromovies/Images mid01.jpg
2022.03.04 10:48 B C:\Users\User\Desktop\superheromovies\Images\mid02.jpg --> labwebs.webster.edu /cyrusbajracharya/coap2000/superheromovies/Images mid02.jpg
2022.03.04 10:48 B C:\Users\User\Desktop\superheromovies\Images\mid03.jpg --> labwebs.webster.edu /cyrusbajracharya/coap2000/superheromovies/Images mid03.jpg
2022.03.04 10:48 B C:\Users\User\Desktop\superheromovies\Images\mid04.jpg --> labwebs.webster.edu /cyrusbajracharya/coap2000/superheromovies/Images mid04.jpg
2022.03.04 10:48 B C:\Users\User\Desktop\superheromovies\Images\mid05.jpg --> labwebs.webster.edu /cyrusbajracharya/coap2000/superheromovies/Images mid05.jpg
2022.03.04 10:48 B C:\Users\User\Desktop\superheromovies\Images\mid06.jpg --> labwebs.webster.edu /cyrusbajracharya/coap2000/superheromovies/Images mid06.jpg
2022.03.04 10:48 B C:\Users\User\Desktop\superheromovies\Images\mid07.jpg --> labwebs.webster.edu /cyrusbajracharya/coap2000/superheromovies/Images mid07.jpg
2022.03.04 10:48 B C:\Users\User\Desktop\superheromovies\Images\mid08.jpg --> labwebs.webster.edu /cyrusbajracharya/coap2000/superheromovies/Images mid08.jpg
2022.03.04 10:48 B C:\Users\User\Desktop\superheromovies\Images\reader-viewpoint.jpg --> labwebs.webster.edu /cyrusbajracharya/coap2000/superheromovies/Images reader-viewpoint.jpg
2022.03.04 10:48 B C:\Users\User\Desktop\superheromovies\Images\review.jpg --> labwebs.webster.edu /cyrusbajracharya/coap2000/superheromovies/Images review.jpg
2022.03.04 10:48 B C:\Users\User\Desktop\superheromovies\Images\streaming.jpg --> labwebs.webster.edu /cyrusbajracharya/coap2000/superheromovies/Images streaming.jpg
2022.03.04 10:48 B C:\Users\User\Desktop\superheromovies\Images\superheromovie.jpg --> labwebs.webster.edu /cyrusbajracharya/coap2000/superheromovies/Images superheromovie.jpg
